<!DOCTYPE html>
<html>
<head>
    <title>Unittest Results</title>
    <meta charset="utf-8">
    <meta name="viewport" content="width=device-width, initial-scale=1.0">
    <link rel="stylesheet" href="https://maxcdn.bootstrapcdn.com/bootstrap/3.3.6/css/bootstrap.min.css" integrity="sha384-1q8mTJOASx8j1Au+a5WDVnPi2lkFfwwEAa8hDDdjZlpLegxhjVME1fgjWPGmkzs7" crossorigin="anonymous">
</head>
<body>
    <div class="container">
        <div class="row">
            <div class="col-xs-12">
                <h2 class="text-capitalize">Unittest Results</h2>
                <p class='attribute'><strong>Start Time: </strong>2023-03-24 09:44:41</p>
                <p class='attribute'><strong>Duration: </strong>1.59 s</p>
                <p class='attribute'><strong>Summary: </strong>Total: 2, Pass: 0, Error: 2</p>
            </div>
        </div>
        <div class="row">
            <div class="col-xs-12 col-sm-10 col-md-10">
                <table class='table table-hover table-responsive'>
                    <thead>
                        <tr>
                            <th>__main__.LoginTestCase</th>
                            <th>Status</th>
                            <th></th>
                        </tr>
                    </thead>
                    <tbody>
                        <tr class='warning'>
                            <td class="col-xs-10">test_login_success</td>
                            <td class="col-xs-1">
                                <span class="label label-warning" style="display:block;width:40px;">Error</span>
                            </td>
                            <td class="col-xs-1">
                                <button class="btn btn-default btn-xs">View</button>
                            </td>
                        </tr>
                        <tr style="display:none;">
                            <td class="col-xs-9" colspan="3"><p style="color:maroon;">WebDriverException: Message: Service /Users/matheus.barbachan/.wdm/drivers/chromedriver/mac_arm64/111.0.5563/chromedriver unexpectedly exited. Status code was: -9
</p><p style="color:maroon;">Traceback (most recent call last):
  File "/Users/matheus.barbachan/workspace/web-automation-example/LoginTestCase.py", line 16, in setUp
    self.driver = webdriver.Chrome(service=ChromeService(ChromeDriverManager().install()))
                  ^^^^^^^^^^^^^^^^^^^^^^^^^^^^^^^^^^^^^^^^^^^^^^^^^^^^^^^^^^^^^^^^^^^^^^^^
  File "/Users/matheus.barbachan/.pyenv/versions/3.12.0a6/lib/python3.12/site-packages/selenium/webdriver/chrome/webdriver.py", line 70, in __init__
    super(WebDriver, self).__init__(DesiredCapabilities.CHROME['browserName'], "goog",
  File "/Users/matheus.barbachan/.pyenv/versions/3.12.0a6/lib/python3.12/site-packages/selenium/webdriver/chromium/webdriver.py", line 90, in __init__
    self.service.start()
  File "/Users/matheus.barbachan/.pyenv/versions/3.12.0a6/lib/python3.12/site-packages/selenium/webdriver/common/service.py", line 98, in start
    self.assert_process_still_running()
  File "/Users/matheus.barbachan/.pyenv/versions/3.12.0a6/lib/python3.12/site-packages/selenium/webdriver/common/service.py", line 110, in assert_process_still_running
    raise WebDriverException(
selenium.common.exceptions.WebDriverException: Message: Service /Users/matheus.barbachan/.wdm/drivers/chromedriver/mac_arm64/111.0.5563/chromedriver unexpectedly exited. Status code was: -9

</p>
                            </td>
                        </tr>
                        <tr class='warning'>
                            <td class="col-xs-10">test_login_unsuccessful</td>
                            <td class="col-xs-1">
                                <span class="label label-warning" style="display:block;width:40px;">Error</span>
                            </td>
                            <td class="col-xs-1">
                                <button class="btn btn-default btn-xs">View</button>
                            </td>
                        </tr>
                        <tr style="display:none;">
                            <td class="col-xs-9" colspan="3"><p style="color:maroon;">WebDriverException: Message: Service /Users/matheus.barbachan/.wdm/drivers/chromedriver/mac_arm64/111.0.5563/chromedriver unexpectedly exited. Status code was: -9
</p><p style="color:maroon;">Traceback (most recent call last):
  File "/Users/matheus.barbachan/workspace/web-automation-example/LoginTestCase.py", line 16, in setUp
    self.driver = webdriver.Chrome(service=ChromeService(ChromeDriverManager().install()))
                  ^^^^^^^^^^^^^^^^^^^^^^^^^^^^^^^^^^^^^^^^^^^^^^^^^^^^^^^^^^^^^^^^^^^^^^^^
  File "/Users/matheus.barbachan/.pyenv/versions/3.12.0a6/lib/python3.12/site-packages/selenium/webdriver/chrome/webdriver.py", line 70, in __init__
    super(WebDriver, self).__init__(DesiredCapabilities.CHROME['browserName'], "goog",
  File "/Users/matheus.barbachan/.pyenv/versions/3.12.0a6/lib/python3.12/site-packages/selenium/webdriver/chromium/webdriver.py", line 90, in __init__
    self.service.start()
  File "/Users/matheus.barbachan/.pyenv/versions/3.12.0a6/lib/python3.12/site-packages/selenium/webdriver/common/service.py", line 98, in start
    self.assert_process_still_running()
  File "/Users/matheus.barbachan/.pyenv/versions/3.12.0a6/lib/python3.12/site-packages/selenium/webdriver/common/service.py", line 110, in assert_process_still_running
    raise WebDriverException(
selenium.common.exceptions.WebDriverException: Message: Service /Users/matheus.barbachan/.wdm/drivers/chromedriver/mac_arm64/111.0.5563/chromedriver unexpectedly exited. Status code was: -9

</p>
                            </td>
                        </tr>
                        <tr>
                            <td colspan="3">
                                Total: 2, Pass: 0, Error: 2 -- Duration: 1.59 s
                            </td>
                        </tr>
                    </tbody>
                </table>
            </div>
        </div>
    </div>
    <script src="https://ajax.googleapis.com/ajax/libs/jquery/2.2.4/jquery.min.js"></script>
    <script type="text/javascript">
        $(document).ready(function(){
            $('td').on('click', '.btn', function(e){
                e.preventDefault();
                e.stopImmediatePropagation();
                var $this = $(this);
                var $nextRow = $this.closest('tr').next('tr');
                $nextRow.slideToggle("fast");
                $this.text(function(i, text){
                    if (text === 'View') {
                        return 'Hide';
                    } else {
                        return 'View';
                    };
                });
            });
        });
    </script>
</body>
</html